-------------------------------------------------------------------------------
Test set: com.javatechiue.aws.SpringbootDynamodbExampleApplicationTests
-------------------------------------------------------------------------------
Tests run: 1, Failures: 0, Errors: 1, Skipped: 0, Time elapsed: 8.611 s <<< FAILURE! - in com.javatechiue.aws.SpringbootDynamodbExampleApplicationTests
contextLoads  Time elapsed: 0.002 s  <<< ERROR!
java.lang.IllegalStateException: Failed to load ApplicationContext
Caused by: org.springframework.beans.factory.UnsatisfiedDependencyException: Error creating bean with name 'springbootDynamodbExampleApplication': Unsatisfied dependency expressed through field 'repository'; nested exception is org.springframework.beans.factory.UnsatisfiedDependencyException: Error creating bean with name 'personRepository': Unsatisfied dependency expressed through field 'mapper'; nested exception is org.springframework.beans.factory.BeanCreationException: Error creating bean with name 'mapper' defined in class path resource [com/javatechiue/aws/config/DynamoDBConfig.class]: Bean instantiation via factory method failed; nested exception is org.springframework.beans.BeanInstantiationException: Failed to instantiate [com.amazonaws.services.dynamodbv2.datamodeling.DynamoDBMapper]: Factory method 'mapper' threw exception; nested exception is java.lang.IllegalArgumentException: java.net.URISyntaxException: Expected authority at index 8: https://
Caused by: org.springframework.beans.factory.UnsatisfiedDependencyException: Error creating bean with name 'personRepository': Unsatisfied dependency expressed through field 'mapper'; nested exception is org.springframework.beans.factory.BeanCreationException: Error creating bean with name 'mapper' defined in class path resource [com/javatechiue/aws/config/DynamoDBConfig.class]: Bean instantiation via factory method failed; nested exception is org.springframework.beans.BeanInstantiationException: Failed to instantiate [com.amazonaws.services.dynamodbv2.datamodeling.DynamoDBMapper]: Factory method 'mapper' threw exception; nested exception is java.lang.IllegalArgumentException: java.net.URISyntaxException: Expected authority at index 8: https://
Caused by: org.springframework.beans.factory.BeanCreationException: Error creating bean with name 'mapper' defined in class path resource [com/javatechiue/aws/config/DynamoDBConfig.class]: Bean instantiation via factory method failed; nested exception is org.springframework.beans.BeanInstantiationException: Failed to instantiate [com.amazonaws.services.dynamodbv2.datamodeling.DynamoDBMapper]: Factory method 'mapper' threw exception; nested exception is java.lang.IllegalArgumentException: java.net.URISyntaxException: Expected authority at index 8: https://
Caused by: org.springframework.beans.BeanInstantiationException: Failed to instantiate [com.amazonaws.services.dynamodbv2.datamodeling.DynamoDBMapper]: Factory method 'mapper' threw exception; nested exception is java.lang.IllegalArgumentException: java.net.URISyntaxException: Expected authority at index 8: https://
Caused by: java.lang.IllegalArgumentException: java.net.URISyntaxException: Expected authority at index 8: https://
Caused by: java.net.URISyntaxException: Expected authority at index 8: https://

